<?xml version="1.0" encoding="UTF-8"?>
<!-- Generated by org.testng.reporters.JUnitXMLReporter -->
<testsuite ignored="0" hostname="Hemant-PC" failures="1" tests="2" name="Test" time="17.267" errors="0" timestamp="2024-07-18T14:19:53 IST">
  <testcase classname="TestLayer.LoginPageTest" name="ValidateLogInpage" time="5.338"/>
  <testcase classname="TestLayer.ProductPageTest" name="ProcductValidate" time="5.192">
    <failure type="java.lang.IllegalArgumentException" message="Keys to send should be a not null CharSequence">
      <![CDATA[java.lang.IllegalArgumentException: Keys to send should be a not null CharSequence
at org.openqa.selenium.remote.RemoteWebElement.sendKeys(RemoteWebElement.java:96)
at org.openqa.selenium.support.pagefactory.internal.LocatingElementHandler.invoke(LocatingElementHandler.java:51)
at jdk.proxy2/jdk.proxy2.$Proxy12.sendKeys(Unknown Source)
at PageLayer.ProductPage.ProcductValidate(ProductPage.java:18)
at TestLayer.ProductPageTest.ProcductValidate(ProductPageTest.java:15)
at java.base/java.util.ArrayList.forEach(ArrayList.java:1597)
... Removed 27 stack frames]]>
    </failure>
  </testcase> <!-- ProcductValidate -->
</testsuite> <!-- Test -->
